Preparando build do frontend...

> frota-pmtf-frontend@1.0.0 build
> vite build

[36mvite v6.4.2 [32mbuilding for production...[36m[39m
transforming...
[32m✓[39m 366 modules transformed.
rendering chunks...
computing gzip size...
[2mdist/[22m[32mindex.html                                 [39m[1m[2m  0.56 kB[22m[1m[22m[2m │ gzip:   0.35 kB[22m
[2mdist/[22m[35massets/index-BNKCNkB0.css                  [39m[1m[2m 36.14 kB[22m[1m[22m[2m │ gzip:   7.55 kB[22m
[2mdist/[22m[36massets/purify.es-BwoZCkIS.js               [39m[1m[2m 22.03 kB[22m[1m[22m[2m │ gzip:   8.77 kB[22m
[2mdist/[22m[36massets/jspdf.plugin.autotable-DSQaaH8Q.js  [39m[1m[2m 39.68 kB[22m[1m[22m[2m │ gzip:  12.81 kB[22m
[2mdist/[22m[36massets/module-BD6eZZxD.js                  [39m[1m[2m104.71 kB[22m[1m[22m[2m │ gzip:  32.94 kB[22m
[2mdist/[22m[36massets/index.es-owyDQxnt.js                [39m[1m[2m159.64 kB[22m[1m[22m[2m │ gzip:  53.54 kB[22m
[2mdist/[22m[36massets/html2canvas.esm-QH1iLAAe.js         [39m[1m[2m202.38 kB[22m[1m[22m[2m │ gzip:  48.04 kB[22m
[2mdist/[22m[36massets/jspdf.es.min-DKBssJfG.js            [39m[1m[2m358.17 kB[22m[1m[22m[2m │ gzip: 118.09 kB[22m
[2mdist/[22m[36massets/index-DkhCK5zv.js                   [39m[1m[2m393.72 kB[22m[1m[22m[2m │ gzip: 112.01 kB[22m
[32m✓ built in 37.27s[39m
Garantindo PostgreSQL local...
PostgreSQL local pronto em 127.0.0.1:5434/frota_db
Aplicando migracoes do banco...
