INFO  [alembic.runtime.migration] Context impl PostgresqlImpl.
INFO  [alembic.runtime.migration] Context impl PostgresqlImpl.
INFO  [alembic.runtime.migration] Will assume transactional DDL.
INFO  [alembic.runtime.migration] Will assume transactional DDL.
Traceback (most recent call last):
  File "<frozen runpy>", line 198, in _run_module_as_main
  File "<frozen runpy>", line 88, in _run_code
  File "Z:\FROTAS\frota_postgres_local\backend\scripts\seed.py", line 243, in <module>
    asyncio.run(seed())
  File "C:\Users\078364\AppData\Local\Programs\Python\Python312\Lib\asyncio\runners.py", line 195, in run
    return runner.run(main)
           ^^^^^^^^^^^^^^^^
  File "C:\Users\078364\AppData\Local\Programs\Python\Python312\Lib\asyncio\runners.py", line 118, in run
    return self._loop.run_until_complete(task)
           ^^^^^^^^^^^^^^^^^^^^^^^^^^^^^^^^^^^
  File "C:\Users\078364\AppData\Local\Programs\Python\Python312\Lib\asyncio\base_events.py", line 691, in run_until_complete
    return future.result()
           ^^^^^^^^^^^^^^^
  File "Z:\FROTAS\frota_postgres_local\backend\scripts\seed.py", line 228, in seed
    tipo=ClaimType.AVERIA,
         ^^^^^^^^^^^^^^^^
AttributeError: type object 'ClaimType' has no attribute 'AVERIA'. Did you mean: 'AVARIA'?
Seed inicial falhou com codigo 1.
No Z:\FROTAS\frota_postgres_local\scripts\start_frota.ps1:39 caractere:9
+         throw "$Label falhou com codigo $LASTEXITCODE."
+         ~~~~~~~~~~~~~~~~~~~~~~~~~~~~~~~~~~~~~~~~~~~~~~~
    + CategoryInfo          : OperationStopped: (Seed inicial falhou com codigo 1.:String) [], RuntimeException
    + FullyQualifiedErrorId : Seed inicial falhou com codigo 1.
 
